ERROR - 2022-09-05 18:08:15 --> mysqli_sql_exception: Table 'my_wifi_billing.stock_updates' doesn't exist in /home/ffr/projects/my-wifi-billing/vendor/codeigniter4/framework/system/Database/MySQLi/Connection.php:292
Stack trace:
#0 /home/ffr/projects/my-wifi-billing/vendor/codeigniter4/framework/system/Database/MySQLi/Connection.php(292): mysqli->query()
#1 /home/ffr/projects/my-wifi-billing/vendor/codeigniter4/framework/system/Database/BaseConnection.php(693): CodeIgniter\Database\MySQLi\Connection->execute()
#2 /home/ffr/projects/my-wifi-billing/vendor/codeigniter4/framework/system/Database/BaseConnection.php(620): CodeIgniter\Database\BaseConnection->simpleQuery()
#3 /home/ffr/projects/my-wifi-billing/app/Controllers/DashboardController.php(37): CodeIgniter\Database\BaseConnection->query()
#4 /home/ffr/projects/my-wifi-billing/app/Controllers/DashboardController.php(18): App\Controllers\DashboardController->_getTodaySales()
#5 /home/ffr/projects/my-wifi-billing/vendor/codeigniter4/framework/system/CodeIgniter.php(898): App\Controllers\DashboardController->index()
#6 /home/ffr/projects/my-wifi-billing/vendor/codeigniter4/framework/system/CodeIgniter.php(457): CodeIgniter\CodeIgniter->runController()
#7 /home/ffr/projects/my-wifi-billing/vendor/codeigniter4/framework/system/CodeIgniter.php(340): CodeIgniter\CodeIgniter->handleRequest()
#8 /home/ffr/projects/my-wifi-billing/public/index.php(67): CodeIgniter\CodeIgniter->run()
#9 /home/ffr/projects/my-wifi-billing/vendor/codeigniter4/framework/system/Commands/Server/rewrite.php(43): require_once('...')
#10 {main}
CRITICAL - 2022-09-05 18:08:15 --> Table 'my_wifi_billing.stock_updates' doesn't exist
in SYSTEMPATH/Database/MySQLi/Connection.php on line 292.
 1 SYSTEMPATH/Database/MySQLi/Connection.php(292): mysqli->query()
 2 SYSTEMPATH/Database/BaseConnection.php(693): CodeIgniter\Database\MySQLi\Connection->execute()
 3 SYSTEMPATH/Database/BaseConnection.php(620): CodeIgniter\Database\BaseConnection->simpleQuery()
 4 APPPATH/Controllers/DashboardController.php(37): CodeIgniter\Database\BaseConnection->query()
 5 APPPATH/Controllers/DashboardController.php(18): App\Controllers\DashboardController->_getTodaySales()
 6 SYSTEMPATH/CodeIgniter.php(898): App\Controllers\DashboardController->index()
 7 SYSTEMPATH/CodeIgniter.php(457): CodeIgniter\CodeIgniter->runController()
 8 SYSTEMPATH/CodeIgniter.php(340): CodeIgniter\CodeIgniter->handleRequest()
 9 FCPATH/index.php(67): CodeIgniter\CodeIgniter->run()
10 SYSTEMPATH/Commands/Server/rewrite.php(43): require_once('FCPATH/index.php')
ERROR - 2022-09-05 18:09:05 --> mysqli_sql_exception: Table 'my_wifi_billing.stock_updates' doesn't exist in /home/ffr/projects/my-wifi-billing/vendor/codeigniter4/framework/system/Database/MySQLi/Connection.php:292
Stack trace:
#0 /home/ffr/projects/my-wifi-billing/vendor/codeigniter4/framework/system/Database/MySQLi/Connection.php(292): mysqli->query()
#1 /home/ffr/projects/my-wifi-billing/vendor/codeigniter4/framework/system/Database/BaseConnection.php(693): CodeIgniter\Database\MySQLi\Connection->execute()
#2 /home/ffr/projects/my-wifi-billing/vendor/codeigniter4/framework/system/Database/BaseConnection.php(620): CodeIgniter\Database\BaseConnection->simpleQuery()
#3 /home/ffr/projects/my-wifi-billing/app/Controllers/DashboardController.php(37): CodeIgniter\Database\BaseConnection->query()
#4 /home/ffr/projects/my-wifi-billing/app/Controllers/DashboardController.php(18): App\Controllers\DashboardController->_getTodaySales()
#5 /home/ffr/projects/my-wifi-billing/vendor/codeigniter4/framework/system/CodeIgniter.php(898): App\Controllers\DashboardController->index()
#6 /home/ffr/projects/my-wifi-billing/vendor/codeigniter4/framework/system/CodeIgniter.php(457): CodeIgniter\CodeIgniter->runController()
#7 /home/ffr/projects/my-wifi-billing/vendor/codeigniter4/framework/system/CodeIgniter.php(340): CodeIgniter\CodeIgniter->handleRequest()
#8 /home/ffr/projects/my-wifi-billing/public/index.php(67): CodeIgniter\CodeIgniter->run()
#9 /home/ffr/projects/my-wifi-billing/vendor/codeigniter4/framework/system/Commands/Server/rewrite.php(43): require_once('...')
#10 {main}
CRITICAL - 2022-09-05 18:09:05 --> Table 'my_wifi_billing.stock_updates' doesn't exist
in SYSTEMPATH/Database/MySQLi/Connection.php on line 292.
 1 SYSTEMPATH/Database/MySQLi/Connection.php(292): mysqli->query()
 2 SYSTEMPATH/Database/BaseConnection.php(693): CodeIgniter\Database\MySQLi\Connection->execute()
 3 SYSTEMPATH/Database/BaseConnection.php(620): CodeIgniter\Database\BaseConnection->simpleQuery()
 4 APPPATH/Controllers/DashboardController.php(37): CodeIgniter\Database\BaseConnection->query()
 5 APPPATH/Controllers/DashboardController.php(18): App\Controllers\DashboardController->_getTodaySales()
 6 SYSTEMPATH/CodeIgniter.php(898): App\Controllers\DashboardController->index()
 7 SYSTEMPATH/CodeIgniter.php(457): CodeIgniter\CodeIgniter->runController()
 8 SYSTEMPATH/CodeIgniter.php(340): CodeIgniter\CodeIgniter->handleRequest()
 9 FCPATH/index.php(67): CodeIgniter\CodeIgniter->run()
10 SYSTEMPATH/Commands/Server/rewrite.php(43): require_once('FCPATH/index.php')
CRITICAL - 2022-09-05 18:11:17 --> Invalid file: admin/dashboard.php
in SYSTEMPATH/Exceptions/FrameworkException.php on line 33.
 1 SYSTEMPATH/View/View.php(201): CodeIgniter\Exceptions\FrameworkException::forInvalidFile()
 2 SYSTEMPATH/Common.php(1137): CodeIgniter\View\View->render()
 3 APPPATH/Controllers/DashboardController.php(12): view()
 4 SYSTEMPATH/CodeIgniter.php(898): App\Controllers\DashboardController->index()
 5 SYSTEMPATH/CodeIgniter.php(457): CodeIgniter\CodeIgniter->runController()
 6 SYSTEMPATH/CodeIgniter.php(340): CodeIgniter\CodeIgniter->handleRequest()
 7 FCPATH/index.php(67): CodeIgniter\CodeIgniter->run()
 8 SYSTEMPATH/Commands/Server/rewrite.php(43): require_once('FCPATH/index.php')
CRITICAL - 2022-09-05 18:11:35 --> Undefined variable $todaySales
in APPPATH/Views/admin/dashboard.php on line 15.
 1 APPPATH/Views/admin/dashboard.php(15): CodeIgniter\Debug\Exceptions->errorHandler()
 2 SYSTEMPATH/View/View.php(213): include('APPPATH/Views/admin/dashboard.php')
 3 SYSTEMPATH/View/View.php(216): CodeIgniter\View\View->CodeIgniter\View\{closure}()
 4 SYSTEMPATH/Common.php(1137): CodeIgniter\View\View->render()
 5 APPPATH/Controllers/DashboardController.php(12): view()
 6 SYSTEMPATH/CodeIgniter.php(898): App\Controllers\DashboardController->index()
 7 SYSTEMPATH/CodeIgniter.php(457): CodeIgniter\CodeIgniter->runController()
 8 SYSTEMPATH/CodeIgniter.php(340): CodeIgniter\CodeIgniter->handleRequest()
 9 FCPATH/index.php(67): CodeIgniter\CodeIgniter->run()
10 SYSTEMPATH/Commands/Server/rewrite.php(43): require_once('FCPATH/index.php')
CRITICAL - 2022-09-05 18:19:07 --> Undefined constant App\Entities\Acl::MANAGE_INVENTORY
in APPPATH/Views/user-group/edit.php on line 21.
 1 SYSTEMPATH/View/View.php(213): include()
 2 SYSTEMPATH/View/View.php(216): CodeIgniter\View\View->CodeIgniter\View\{closure}()
 3 SYSTEMPATH/Common.php(1137): CodeIgniter\View\View->render()
 4 APPPATH/Controllers/UserGroupController.php(78): view()
 5 SYSTEMPATH/CodeIgniter.php(898): App\Controllers\UserGroupController->edit()
 6 SYSTEMPATH/CodeIgniter.php(457): CodeIgniter\CodeIgniter->runController()
 7 SYSTEMPATH/CodeIgniter.php(340): CodeIgniter\CodeIgniter->handleRequest()
 8 FCPATH/index.php(67): CodeIgniter\CodeIgniter->run()
 9 SYSTEMPATH/Commands/Server/rewrite.php(43): require_once('FCPATH/index.php')
